<?xml version="1.0" encoding="UTF-8"?>
<testng-results ignored="0" total="1" passed="1" failed="0" skipped="0">
  <reporter-output>
  </reporter-output>
  <suite started-at="2024-08-14T14:35:44 IST" name="Default suite" finished-at="2024-08-14T14:35:44 IST" duration-ms="84">
    <groups>
    </groups>
    <test started-at="2024-08-14T14:35:44 IST" name="Default test" finished-at="2024-08-14T14:35:44 IST" duration-ms="84">
      <class name="Qsp.Crpt1">
        <test-method signature="demo()[pri:0, instance:Qsp.Crpt1@be35cd9]" started-at="2024-08-14T14:35:44 IST" name="demo" finished-at="2024-08-14T14:35:44 IST" duration-ms="15" status="PASS">
          <reporter-output>
          </reporter-output>
        </test-method> <!-- demo -->
      </class> <!-- Qsp.Crpt1 -->
    </test> <!-- Default test -->
  </suite> <!-- Default suite -->
</testng-results>
